<?xml version="1.0" encoding="UTF-8"?>
<!-- Generated by org.testng.reporters.JUnitReportReporter -->
<testsuite skipped="0" hostname="DESKTOP-3CFQO38" name="com.hrms.testscripts.TC003" tests="1" failures="0" timestamp="23 Jul 2021 02:31:26 GMT" time="14.493" errors="0">
  <testcase name="testDeleteUser" time="14.493" classname="com.hrms.testscripts.TC003"/>
</testsuite> <!-- com.hrms.testscripts.TC003 -->
