<?xml version="1.0" encoding="UTF-8"?>
<!-- Generated by org.testng.reporters.JUnitReportReporter -->
<testsuite skipped="0" hostname="DESKTOP-3CFQO38" name="com.orangehrm.LoginLogout.Tests.TestLoginlLogoutwithTestNG" tests="1" failures="0" timestamp="17 Jul 2021 07:07:04 GMT" time="15.221" errors="0">
  <testcase name="testcase5" time="15.221" classname="com.orangehrm.LoginLogout.Tests.TestLoginlLogoutwithTestNG"/>
</testsuite> <!-- com.orangehrm.LoginLogout.Tests.TestLoginlLogoutwithTestNG -->
