<?xml version="1.0" encoding="UTF-8"?>
<!-- Generated by org.testng.reporters.JUnitReportReporter -->
<testsuite skipped="0" hostname="DESKTOP-3CFQO38" name="com.orangehrm.Tests.AllTests" tests="4" failures="0" timestamp="21 Jul 2021 03:10:06 GMT" time="17.893" errors="0">
  <testcase name="testUserLogin" time="4.230" classname="com.orangehrm.Tests.AllTests"/>
  <testcase name="testAddEmployee" time="8.876" classname="com.orangehrm.Tests.AllTests"/>
  <testcase name="testDeleteEmployee" time="4.473" classname="com.orangehrm.Tests.AllTests"/>
  <testcase name="testLogout" time="0.314" classname="com.orangehrm.Tests.AllTests"/>
</testsuite> <!-- com.orangehrm.Tests.AllTests -->
